==3707== Memcheck, a memory error detector
==3707== Copyright (C) 2002-2017, and GNU GPL'd, by Julian Seward et al.
==3707== Using Valgrind-3.13.0 and LibVEX; rerun with -h for copyright info
==3707== Command: ./leakyindirect
==3707== Parent PID: 2174
==3707== 
==3707== 
==3707== HEAP SUMMARY:
==3707==     in use at exit: 64 bytes in 4 blocks
==3707==   total heap usage: 4 allocs, 0 frees, 64 bytes allocated
==3707== 
==3707== 64 (16 direct, 48 indirect) bytes in 1 blocks are definitely lost in loss record 4 of 4
==3707==    at 0x4C2FB0F: malloc (in /usr/lib/valgrind/vgpreload_memcheck-amd64-linux.so)
==3707==    by 0x10865C: main (leakyindirect.c:16)
==3707== 
==3707== LEAK SUMMARY:
==3707==    definitely lost: 16 bytes in 1 blocks
==3707==    indirectly lost: 48 bytes in 3 blocks
==3707==      possibly lost: 0 bytes in 0 blocks
==3707==    still reachable: 0 bytes in 0 blocks
==3707==         suppressed: 0 bytes in 0 blocks
==3707== 
==3707== For counts of detected and suppressed errors, rerun with: -v
==3707== ERROR SUMMARY: 1 errors from 1 contexts (suppressed: 0 from 0)
