==7859== Memcheck, a memory error detector
==7859== Copyright (C) 2002-2017, and GNU GPL'd, by Julian Seward et al.
==7859== Using Valgrind-3.13.0 and LibVEX; rerun with -h for copyright info
==7859== Command: ./leaky
==7859== Parent PID: 6477
==7859== 
==7859== 
==7859== HEAP SUMMARY:
==7859==     in use at exit: 8 bytes in 1 blocks
==7859==   total heap usage: 2 allocs, 1 frees, 1,032 bytes allocated
==7859== 
==7859== 8 bytes in 1 blocks are definitely lost in loss record 1 of 1
==7859==    at 0x4C2FB0F: malloc (in /usr/lib/valgrind/vgpreload_memcheck-amd64-linux.so)
==7859==    by 0x1086DB: main (leaky.c:8)
==7859== 
==7859== LEAK SUMMARY:
==7859==    definitely lost: 8 bytes in 1 blocks
==7859==    indirectly lost: 0 bytes in 0 blocks
==7859==      possibly lost: 0 bytes in 0 blocks
==7859==    still reachable: 0 bytes in 0 blocks
==7859==         suppressed: 0 bytes in 0 blocks
==7859== 
==7859== For counts of detected and suppressed errors, rerun with: -v
==7859== ERROR SUMMARY: 1 errors from 1 contexts (suppressed: 0 from 0)
