==4571== Memcheck, a memory error detector
==4571== Copyright (C) 2002-2017, and GNU GPL'd, by Julian Seward et al.
==4571== Using Valgrind-3.13.0 and LibVEX; rerun with -h for copyright info
==4571== Command: ./leakypossible
==4571== Parent PID: 2174
==4571== 
==4571== 
==4571== HEAP SUMMARY:
==4571==     in use at exit: 7 bytes in 1 blocks
==4571==   total heap usage: 1 allocs, 0 frees, 7 bytes allocated
==4571== 
==4571== 7 bytes in 1 blocks are possibly lost in loss record 1 of 1
==4571==    at 0x4C2FB0F: malloc (in /usr/lib/valgrind/vgpreload_memcheck-amd64-linux.so)
==4571==    by 0x4ED99B9: strdup (strdup.c:42)
==4571==    by 0x1086A8: main (in /home/aliampolizzi/Desktop/cs450/PA3/part1/leakypossible)
==4571== 
==4571== LEAK SUMMARY:
==4571==    definitely lost: 0 bytes in 0 blocks
==4571==    indirectly lost: 0 bytes in 0 blocks
==4571==      possibly lost: 7 bytes in 1 blocks
==4571==    still reachable: 0 bytes in 0 blocks
==4571==         suppressed: 0 bytes in 0 blocks
==4571== 
==4571== For counts of detected and suppressed errors, rerun with: -v
==4571== ERROR SUMMARY: 1 errors from 1 contexts (suppressed: 0 from 0)
