==4572== Memcheck, a memory error detector
==4572== Copyright (C) 2002-2017, and GNU GPL'd, by Julian Seward et al.
==4572== Using Valgrind-3.13.0 and LibVEX; rerun with -h for copyright info
==4572== Command: ./leakyreachable
==4572== Parent PID: 2174
==4572== 
==4572== 
==4572== HEAP SUMMARY:
==4572==     in use at exit: 10 bytes in 1 blocks
==4572==   total heap usage: 1 allocs, 0 frees, 10 bytes allocated
==4572== 
==4572== LEAK SUMMARY:
==4572==    definitely lost: 0 bytes in 0 blocks
==4572==    indirectly lost: 0 bytes in 0 blocks
==4572==      possibly lost: 0 bytes in 0 blocks
==4572==    still reachable: 10 bytes in 1 blocks
==4572==         suppressed: 0 bytes in 0 blocks
==4572== Reachable blocks (those to which a pointer was found) are not shown.
==4572== To see them, rerun with: --leak-check=full --show-leak-kinds=all
==4572== 
==4572== For counts of detected and suppressed errors, rerun with: -v
==4572== ERROR SUMMARY: 0 errors from 0 contexts (suppressed: 0 from 0)
